<?xml version="1.0" encoding="UTF-8"?>
<!-- Generated by org.testng.reporters.JUnitReportReporter -->
<testsuite hostname="LAPTOP-Q01D263N" failures="0" tests="10" name="AutomationFinaleProject_April.AutomationFinaleProject_April.AppTest" time="19.459" errors="0" timestamp="2025-05-07T18:40:35 EET" skipped="7">
  <testcase classname="AutomationFinaleProject_April.AutomationFinaleProject_April.AppTest" name="ChangeTheWebsiteLanaguage" time="1.071"/>
  <testcase classname="AutomationFinaleProject_April.AutomationFinaleProject_April.AppTest" name="RandomlySelectCity" time="6.199"/>
  <testcase classname="AutomationFinaleProject_April.AutomationFinaleProject_April.AppTest" name="CheckTheResultsIsretrived" time="12.189"/>
  <testcase classname="AutomationFinaleProject_April.AutomationFinaleProject_April.AppTest" name="CheckQitafLogo">
    <skipped/>
  </testcase> <!-- CheckQitafLogo -->
  <testcase classname="AutomationFinaleProject_April.AutomationFinaleProject_April.AppTest" name="CheckTheStaysTabNotSelected">
    <skipped/>
  </testcase> <!-- CheckTheStaysTabNotSelected -->
  <testcase classname="AutomationFinaleProject_April.AutomationFinaleProject_April.AppTest" name="CheckTheDateOfTheReturn">
    <skipped/>
  </testcase> <!-- CheckTheDateOfTheReturn -->
  <testcase classname="AutomationFinaleProject_April.AutomationFinaleProject_April.AppTest" name="CheckTheWebSiteLunguage">
    <skipped/>
  </testcase> <!-- CheckTheWebSiteLunguage -->
  <testcase classname="AutomationFinaleProject_April.AutomationFinaleProject_April.AppTest" name="CheckTheDateOfTheDeparture">
    <skipped/>
  </testcase> <!-- CheckTheDateOfTheDeparture -->
  <testcase classname="AutomationFinaleProject_April.AutomationFinaleProject_April.AppTest" name="CheckContactNumber">
    <skipped/>
  </testcase> <!-- CheckContactNumber -->
  <testcase classname="AutomationFinaleProject_April.AutomationFinaleProject_April.AppTest" name="CheckCurrency">
    <skipped/>
  </testcase> <!-- CheckCurrency -->
</testsuite> <!-- AutomationFinaleProject_April.AutomationFinaleProject_April.AppTest -->
