<?xml version="1.0" encoding="UTF-8"?>
<!-- Generated by org.testng.reporters.JUnitReportReporter -->
<testsuite hostname="LAPTOP-Q01D263N" failures="0" tests="12" name="AutomationFinaleProject_April.AutomationFinaleProject_April.AppTest" time="4.460" errors="0" timestamp="2025-05-04T15:55:18 EET" skipped="7">
  <testcase classname="AutomationFinaleProject_April.AutomationFinaleProject_April.AppTest" name="ChangeTheWebsiteLanaguage" time="0.793"/>
  <testcase classname="AutomationFinaleProject_April.AutomationFinaleProject_April.AppTest" name="ChangeTheWebsiteLanaguage" time="0.809"/>
  <testcase classname="AutomationFinaleProject_April.AutomationFinaleProject_April.AppTest" name="ChangeTheWebsiteLanaguage" time="1.224"/>
  <testcase classname="AutomationFinaleProject_April.AutomationFinaleProject_April.AppTest" name="ChangeTheWebsiteLanaguage" time="0.927"/>
  <testcase classname="AutomationFinaleProject_April.AutomationFinaleProject_April.AppTest" name="ChangeTheWebsiteLanaguage" time="0.707"/>
  <testcase classname="AutomationFinaleProject_April.AutomationFinaleProject_April.AppTest" name="CheckTheDateOfTheDeparture">
    <skipped/>
  </testcase> <!-- CheckTheDateOfTheDeparture -->
  <testcase classname="AutomationFinaleProject_April.AutomationFinaleProject_April.AppTest" name="CheckCurrency">
    <skipped/>
  </testcase> <!-- CheckCurrency -->
  <testcase classname="AutomationFinaleProject_April.AutomationFinaleProject_April.AppTest" name="CheckContactNumber">
    <skipped/>
  </testcase> <!-- CheckContactNumber -->
  <testcase classname="AutomationFinaleProject_April.AutomationFinaleProject_April.AppTest" name="CheckTheStaysTabNotSelected">
    <skipped/>
  </testcase> <!-- CheckTheStaysTabNotSelected -->
  <testcase classname="AutomationFinaleProject_April.AutomationFinaleProject_April.AppTest" name="CheckTheDateOfTheReturn">
    <skipped/>
  </testcase> <!-- CheckTheDateOfTheReturn -->
  <testcase classname="AutomationFinaleProject_April.AutomationFinaleProject_April.AppTest" name="CheckTheWebSiteLunguage">
    <skipped/>
  </testcase> <!-- CheckTheWebSiteLunguage -->
  <testcase classname="AutomationFinaleProject_April.AutomationFinaleProject_April.AppTest" name="CheckQitafLogo">
    <skipped/>
  </testcase> <!-- CheckQitafLogo -->
</testsuite> <!-- AutomationFinaleProject_April.AutomationFinaleProject_April.AppTest -->
